<?xml version="1.0" encoding="UTF-8"?>
<!-- Generated by org.testng.reporters.JUnitReportReporter -->
<testsuite name="Day12.StaticWebTable" tests="1" time="0.378" ignored="0" failures="0" timestamp="25 Apr 2017 11:58:36 GMT" skipped="0" hostname="Amol" errors="0">
  <testcase name="handlestatictable" time="0.378" classname="Day12.StaticWebTable"/>
</testsuite> <!-- Day12.StaticWebTable -->
