<?xml version="1.0" encoding="UTF-8"?>
<!-- Generated by org.testng.reporters.JUnitReportReporter -->
<testsuite name="Day5.Tooltip" tests="1" time="0.136" ignored="0" failures="0" timestamp="25 Apr 2017 03:34:59 GMT" skipped="0" hostname="Amol" errors="0">
  <testcase name="testTooltip" time="0.136" classname="Day5.Tooltip"/>
</testsuite> <!-- Day5.Tooltip -->
