<?xml version="1.0" encoding="UTF-8"?>
<!-- Generated by org.testng.reporters.JUnitReportReporter -->
<testsuite hostname="Amol" name="Day8.Scroll_JQueryUI" tests="1" failures="0" timestamp="7 Jul 2016 12:16:01 GMT" time="23.073" errors="0">
  <testcase name="scroll" time="23.073" classname="Day8.Scroll_JQueryUI"/>
</testsuite> <!-- Day8.Scroll_JQueryUI -->
