<?xml version="1.0" encoding="UTF-8"?>
<!-- Generated by org.testng.reporters.JUnitReportReporter -->
<testsuite name="Day7.Dataprovider" tests="2" time="0.017" ignored="0" failures="0" timestamp="16 Mar 2017 07:00:42 GMT" skipped="0" hostname="Amol" errors="0">
  <testcase name="doRegister" time="0.014" classname="Day7.Dataprovider"/>
  <testcase name="doRegister" time="0.003" classname="Day7.Dataprovider"/>
</testsuite> <!-- Day7.Dataprovider -->
