<?xml version="1.0" encoding="UTF-8"?>
<!-- Generated by org.testng.reporters.JUnitReportReporter -->
<testsuite name="Day7.Annotation_TestNG" tests="2" time="0.016" ignored="0" failures="0" timestamp="12 Mar 2018 11:53:41 GMT" skipped="0" hostname="Amol" errors="0">
  <testcase name="testAnnotation1" time="0.000" classname="Day7.Annotation_TestNG"/>
  <testcase name="testAnnotation2" time="0.016" classname="Day7.Annotation_TestNG"/>
</testsuite> <!-- Day7.Annotation_TestNG -->
