<?xml version="1.0" encoding="UTF-8"?>
<!-- Generated by org.testng.reporters.JUnitReportReporter -->
<testsuite name="Day12.GoogleSearchList" tests="1" time="15.105" ignored="0" failures="0" timestamp="14 Jun 2017 13:45:57 GMT" skipped="0" hostname="Amol" errors="0">
  <testcase name="SearchSuggestion" time="15.105" classname="Day12.GoogleSearchList"/>
</testsuite> <!-- Day12.GoogleSearchList -->
