<?xml version="1.0" encoding="UTF-8"?>
<!-- Generated by org.testng.reporters.JUnitReportReporter -->
<testsuite name="Day7.Parameterization_TestNG" tests="3" time="0.019" ignored="0" failures="0" timestamp="16 Mar 2017 06:58:32 GMT" skipped="0" hostname="Amol" errors="0">
  <testcase name="TestLogin" time="0.011" classname="Day7.Parameterization_TestNG"/>
  <testcase name="TestLogin" time="0.006" classname="Day7.Parameterization_TestNG"/>
  <testcase name="TestLogin" time="0.002" classname="Day7.Parameterization_TestNG"/>
</testsuite> <!-- Day7.Parameterization_TestNG -->
