<?xml version="1.0" encoding="UTF-8"?>
<!-- Generated by org.testng.reporters.JUnitReportReporter -->
<testsuite name="Screenshot1.Facebooksceenshot" tests="1" time="104.968" ignored="0" failures="0" timestamp="21 Feb 2017 14:43:46 GMT" skipped="0" hostname="Amol" errors="0">
  <testcase name="sccreenshotTest" time="104.968" classname="Screenshot1.Facebooksceenshot"/>
</testsuite> <!-- Screenshot1.Facebooksceenshot -->
