<?xml version="1.0" encoding="UTF-8"?>
<!-- Generated by org.testng.reporters.JUnitReportReporter -->
<testsuite name="Day11.CopyOfDDF_MortgageCalc" tests="1" time="18.713" ignored="0" failures="0" timestamp="24 Feb 2017 09:54:34 GMT" skipped="0" hostname="Amol" errors="0">
  <testcase name="calc" time="18.713" classname="Day11.CopyOfDDF_MortgageCalc"/>
</testsuite> <!-- Day11.CopyOfDDF_MortgageCalc -->
