<?xml version="1.0" encoding="UTF-8"?>
<!-- Generated by org.testng.reporters.JUnitReportReporter -->
<testsuite name="Day7.test" tests="2" time="0.015" ignored="0" failures="0" timestamp="25 Apr 2017 06:52:20 GMT" skipped="0" hostname="Amol" errors="0">
  <testcase name="login" time="0.011" classname="Day7.test"/>
  <testcase name="login" time="0.004" classname="Day7.test"/>
</testsuite> <!-- Day7.test -->
