<?xml version="1.0" encoding="UTF-8"?>
<!-- Generated by org.testng.reporters.JUnitReportReporter -->
<testsuite hostname="Amol" name="Day7.Testng_param" tests="3" failures="0" timestamp="6 Dec 2016 09:09:57 GMT" time="0.032" errors="0">
  <testcase name="login" time="0.000" classname="Day7.Testng_param"/>
  <testcase name="login" time="0.016" classname="Day7.Testng_param"/>
  <testcase name="login" time="0.016" classname="Day7.Testng_param"/>
</testsuite> <!-- Day7.Testng_param -->
