<?xml version="1.0" encoding="UTF-8"?>
<!-- Generated by org.testng.reporters.JUnitReportReporter -->
<testsuite name="Day7.RegisterTest" tests="2" time="0.014" ignored="0" failures="0" timestamp="16 Mar 2017 07:06:29 GMT" skipped="0" hostname="Amol" errors="0">
  <testcase name="doRegister" time="0.010" classname="Day7.RegisterTest"/>
  <testcase name="doRegister" time="0.004" classname="Day7.RegisterTest"/>
</testsuite> <!-- Day7.RegisterTest -->
