<?xml version="1.0" encoding="UTF-8"?>
<!-- Generated by org.testng.reporters.JUnitReportReporter -->
<testsuite name="Day11.DDF_MortgageCalc" tests="1" time="151.024" ignored="0" failures="0" timestamp="19 Mar 2018 05:15:47 GMT" skipped="0" hostname="Amol" errors="0">
  <testcase name="calc" time="151.024" classname="Day11.DDF_MortgageCalc"/>
</testsuite> <!-- Day11.DDF_MortgageCalc -->
