<?xml version="1.0" encoding="UTF-8"?>
<!-- Generated by org.testng.reporters.JUnitReportReporter -->
<testsuite name="Day12.DownloadFile" tests="1" time="23.205" ignored="0" failures="0" timestamp="12 Mar 2017 03:14:43 GMT" skipped="0" hostname="Amol" errors="0">
  <testcase name="OpenURL" time="23.205" classname="Day12.DownloadFile"/>
</testsuite> <!-- Day12.DownloadFile -->
