<?xml version="1.0" encoding="UTF-8"?>
<!-- Generated by org.testng.reporters.JUnitReportReporter -->
<testsuite name="Day7.Testd" tests="2" time="0.000" ignored="0" failures="0" timestamp="12 Mar 2018 12:03:43 GMT" skipped="0" hostname="Amol" errors="0">
  <testcase name="param" time="0.000" classname="Day7.Testd"/>
  <testcase name="param" time="0.000" classname="Day7.Testd"/>
</testsuite> <!-- Day7.Testd -->
