<?xml version="1.0" encoding="UTF-8"?>
<!-- Generated by org.testng.reporters.JUnitReportReporter -->
<testsuite name="Day7.Exclude" tests="1" time="0.010" ignored="1" failures="0" timestamp="22 May 2017 03:50:21 GMT" skipped="0" hostname="Amol" errors="0">
  <testcase name="login" time="0.010" classname="Day7.Exclude"/>
  <testcase name="LogOut" classname="Day7.Exclude">
    <skipped/>
  </testcase> <!-- LogOut -->
</testsuite> <!-- Day7.Exclude -->
